desc: --massif-out-file=massif.out
cmd: ./program ms_print massif.out
time_unit: i
#-----------
snapshot=0
#-----------
time=0
mem_heap_B=0
mem_heap_extra_B=0
mem_stacks_B=0
heap_tree=empty
#-----------
snapshot=1
#-----------
time=93059
mem_heap_B=1024
mem_heap_extra_B=8
mem_stacks_B=0
heap_tree=empty
#-----------
snapshot=2
#-----------
time=99218
mem_heap_B=1024
mem_heap_extra_B=8
mem_stacks_B=0
heap_tree=peak
n1: 1024 (heap allocation functions) malloc/new/new[], --alloc-fns, etc.
 n1: 1024 0x48C01E7: _IO_file_doallocate (filedoalloc.c:101)
  n1: 1024 0x48CF183: _IO_doallocbuf (genops.c:347)
   n1: 1024 0x48CE4A7: _IO_file_overflow@@GLIBC_2.17 (fileops.c:745)
    n1: 1024 0x48CD5E7: _IO_new_file_xsputn (fileops.c:1244)
     n1: 1024 0x48CD5E7: _IO_file_xsputn@@GLIBC_2.17 (fileops.c:1197)
      n1: 1024 0x48C2A13: puts (ioputs.c:40)
       n0: 1024 0x10877F: main (in /root/volume/probar_setup/program)
#-----------
snapshot=3
#-----------
time=99218
mem_heap_B=0
mem_heap_extra_B=0
mem_stacks_B=0
heap_tree=empty
